<?xml version="1.0" encoding="UTF-8"?>
<!-- Generated by org.testng.reporters.JUnitReportReporter -->
<testsuite skipped="0" hostname="PaperBoy" name="demo_TestCases.Test_001" tests="1" failures="0" timestamp="01 Jun 2019 10:05:11 GMT" time="16.074" errors="0">
  <testcase name="verify" time="16.074" classname="demo_TestCases.Test_001"/>
</testsuite> <!-- demo_TestCases.Test_001 -->
