<?xml version="1.0" encoding="UTF-8"?>
<!-- Generated by org.testng.reporters.JUnitReportReporter -->
<testsuite skipped="0" hostname="PaperBoy" name="demo_TestCases.Test_002" tests="1" failures="0" timestamp="01 Jun 2019 11:39:25 GMT" time="11.916" errors="0">
  <testcase name="verify" time="11.916" classname="demo_TestCases.Test_002"/>
</testsuite> <!-- demo_TestCases.Test_002 -->
